<?xml version="1.0" encoding="UTF-8"?>
<testsuite xmlns:xsi="http://www.w3.org/2001/XMLSchema-instance" xsi:noNamespaceSchemaLocation="https://maven.apache.org/surefire/maven-failsafe-plugin/xsd/failsafe-test-report.xsd" name="org.lable.rfc3881.auditlogger.adapter.hbase.RoundTripIT" time="4.714" tests="1" errors="0" skipped="0" failures="0">
  <properties>
[...]
</properties>
  <testcase name="roundTripTest" classname="org.lable.rfc3881.auditlogger.adapter.hbase.RoundTripIT" time="4.645"/>
</testsuite>